Flow report for D_FF
Thu Nov 02 15:07:09 2023
Quartus II 64-Bit Version 13.0.1 Build 232 06/12/2013 Service Pack 1 SJ Web Edition


---------------------
; Table of Contents ;
---------------------
  1. Legal Notice
  2. Flow Summary
  3. Flow Settings
  4. Flow Non-Default Global Settings
  5. Flow Elapsed Time
  6. Flow OS Summary
  7. Flow Log
  8. Flow Messages
  9. Flow Suppressed Messages



----------------
; Legal Notice ;
----------------
Copyright (C) 1991-2013 Altera Corporation
Your use of Altera Corporation's design tools, logic functions 
and other software and tools, and its AMPP partner logic 
functions, and any output files from any of the foregoing 
(including device programming or simulation files), and any 
associated documentation or information are expressly subject 
to the terms and conditions of the Altera Program License 
Subscription Agreement, Altera MegaCore Function License 
Agreement, or other applicable license agreement, including, 
without limitation, that your use is for the sole purpose of 
programming logic devices manufactured by Altera and sold by 
Altera or its authorized distributors.  Please refer to the 
applicable agreement for further details.



+--------------------------------------------------------------------------------------+
; Flow Summary                                                                         ;
+------------------------------------+-------------------------------------------------+
; Flow Status                        ; Successful - Thu Nov 02 15:06:40 2023           ;
; Quartus II 64-Bit Version          ; 13.0.1 Build 232 06/12/2013 SP 1 SJ Web Edition ;
; Revision Name                      ; D_FF                                            ;
; Top-level Entity Name              ; sumador_completo                                ;
; Family                             ; Cyclone IV E                                    ;
; Device                             ; EP4CE22F17C6                                    ;
; Timing Models                      ; Final                                           ;
; Total logic elements               ; 5 / 22,320 ( < 1 % )                            ;
;     Total combinational functions  ; 2 / 22,320 ( < 1 % )                            ;
;     Dedicated logic registers      ; 5 / 22,320 ( < 1 % )                            ;
; Total registers                    ; 5                                               ;
; Total pins                         ; 6 / 154 ( 4 % )                                 ;
; Total virtual pins                 ; 0                                               ;
; Total memory bits                  ; 0 / 608,256 ( 0 % )                             ;
; Embedded Multiplier 9-bit elements ; 0 / 132 ( 0 % )                                 ;
; Total PLLs                         ; 0 / 4 ( 0 % )                                   ;
+------------------------------------+-------------------------------------------------+


+-----------------------------------------+
; Flow Settings                           ;
+-------------------+---------------------+
; Option            ; Setting             ;
+-------------------+---------------------+
; Start date & time ; 11/02/2023 15:05:20 ;
; Main task         ; Compilation         ;
; Revision Name     ; D_FF                ;
+-------------------+---------------------+


+----------------------------------------------------------------------------------------------------------------------------------------------+
; Flow Non-Default Global Settings                                                                                                             ;
+--------------------------------------+---------------------------------------+---------------+------------------+----------------------------+
; Assignment Name                      ; Value                                 ; Default Value ; Entity Name      ; Section Id                 ;
+--------------------------------------+---------------------------------------+---------------+------------------+----------------------------+
; COMPILER_SIGNATURE_ID                ; 963355901292.169894831603376          ; --            ; --               ; --                         ;
; EDA_DESIGN_INSTANCE_NAME             ; uut                                   ; --            ; --               ; sumador_completo_testbench ;
; EDA_GENERATE_FUNCTIONAL_NETLIST      ; Off                                   ; --            ; --               ; eda_simulation             ;
; EDA_NATIVELINK_SIMULATION_TEST_BENCH ; sumador_completo_testbench            ; --            ; --               ; eda_simulation             ;
; EDA_OUTPUT_DATA_FORMAT               ; Vhdl                                  ; --            ; --               ; eda_simulation             ;
; EDA_SIMULATION_TOOL                  ; ModelSim (VHDL)                       ; <None>        ; --               ; --                         ;
; EDA_TEST_BENCH_ENABLE_STATUS         ; TEST_BENCH_MODE                       ; --            ; --               ; eda_simulation             ;
; EDA_TEST_BENCH_FILE                  ; sumador_completo_testbench.vhd        ; --            ; --               ; sumador_completo_testbench ;
; EDA_TEST_BENCH_MODULE_NAME           ; sumador_completo_testbench            ; --            ; --               ; sumador_completo_testbench ;
; EDA_TEST_BENCH_NAME                  ; sumador_completo_testbench            ; --            ; --               ; eda_simulation             ;
; EDA_TEST_BENCH_RUN_SIM_FOR           ; 50 s                                  ; --            ; --               ; sumador_completo_testbench ;
; EDA_TIME_SCALE                       ; 1 ps                                  ; --            ; --               ; eda_simulation             ;
; MAX_CORE_JUNCTION_TEMP               ; 85                                    ; --            ; --               ; --                         ;
; MIN_CORE_JUNCTION_TEMP               ; 0                                     ; --            ; --               ; --                         ;
; NOMINAL_CORE_SUPPLY_VOLTAGE          ; 1.2V                                  ; --            ; --               ; --                         ;
; PARTITION_COLOR                      ; 16764057                              ; --            ; sumador_completo ; Top                        ;
; PARTITION_FITTER_PRESERVATION_LEVEL  ; PLACEMENT_AND_ROUTING                 ; --            ; sumador_completo ; Top                        ;
; PARTITION_NETLIST_TYPE               ; SOURCE                                ; --            ; sumador_completo ; Top                        ;
; POWER_BOARD_THERMAL_MODEL            ; None (CONSERVATIVE)                   ; --            ; --               ; --                         ;
; POWER_PRESET_COOLING_SOLUTION        ; 23 MM HEAT SINK WITH 200 LFPM AIRFLOW ; --            ; --               ; --                         ;
; PROJECT_OUTPUT_DIRECTORY             ; output_files                          ; --            ; --               ; --                         ;
; TOP_LEVEL_ENTITY                     ; sumador_completo                      ; D_FF          ; --               ; --                         ;
+--------------------------------------+---------------------------------------+---------------+------------------+----------------------------+


+-------------------------------------------------------------------------------------------------------------------------------+
; Flow Elapsed Time                                                                                                             ;
+---------------------------+--------------+-------------------------+---------------------+------------------------------------+
; Module Name               ; Elapsed Time ; Average Processors Used ; Peak Virtual Memory ; Total CPU Time (on all processors) ;
+---------------------------+--------------+-------------------------+---------------------+------------------------------------+
; Analysis & Synthesis      ; 00:00:15     ; 1.0                     ; 462 MB              ; 00:00:02                           ;
; Fitter                    ; 00:00:32     ; 1.0                     ; 718 MB              ; 00:00:08                           ;
; Assembler                 ; 00:00:08     ; 1.0                     ; 404 MB              ; 00:00:02                           ;
; TimeQuest Timing Analyzer ; 00:00:14     ; 1.0                     ; 472 MB              ; 00:00:02                           ;
; EDA Netlist Writer        ; 00:00:07     ; 1.0                     ; 369 MB              ; 00:00:01                           ;
; TimeQuest Timing Analyzer ; 00:00:15     ; 1.0                     ; 445 MB              ; 00:00:02                           ;
; Total                     ; 00:01:31     ; --                      ; --                  ; 00:00:17                           ;
+---------------------------+--------------+-------------------------+---------------------+------------------------------------+


+----------------------------------------------------------------------------------------+
; Flow OS Summary                                                                        ;
+---------------------------+------------------+-----------+------------+----------------+
; Module Name               ; Machine Hostname ; OS Name   ; OS Version ; Processor type ;
+---------------------------+------------------+-----------+------------+----------------+
; Analysis & Synthesis      ; NB8              ; Windows 7 ; 6.1        ; x86_64         ;
; Fitter                    ; NB8              ; Windows 7 ; 6.1        ; x86_64         ;
; Assembler                 ; NB8              ; Windows 7 ; 6.1        ; x86_64         ;
; TimeQuest Timing Analyzer ; NB8              ; Windows 7 ; 6.1        ; x86_64         ;
; EDA Netlist Writer        ; NB8              ; Windows 7 ; 6.1        ; x86_64         ;
; TimeQuest Timing Analyzer ; NB8              ; Windows 7 ; 6.1        ; x86_64         ;
+---------------------------+------------------+-----------+------------+----------------+


------------
; Flow Log ;
------------
quartus_map --read_settings_files=on --write_settings_files=off D_FF -c D_FF
quartus_fit --read_settings_files=off --write_settings_files=off D_FF -c D_FF
quartus_asm --read_settings_files=off --write_settings_files=off D_FF -c D_FF
quartus_sta D_FF -c D_FF
quartus_eda --read_settings_files=off --write_settings_files=off D_FF -c D_FF
quartus_sta D_FF -c D_FF



