Flow report for sumador_completo
Mon Nov  6 19:05:16 2023
Quartus Prime Version 22.1std.2 Build 922 07/20/2023 SC Lite Edition


---------------------
; Table of Contents ;
---------------------
  1. Legal Notice
  2. Flow Summary
  3. Flow Settings
  4. Flow Non-Default Global Settings
  5. Flow Elapsed Time
  6. Flow OS Summary
  7. Flow Log
  8. Flow Messages
  9. Flow Suppressed Messages



----------------
; Legal Notice ;
----------------
Copyright (C) 2023  Intel Corporation. All rights reserved.
Your use of Intel Corporation's design tools, logic functions 
and other software and tools, and any partner logic 
functions, and any output files from any of the foregoing 
(including device programming or simulation files), and any 
associated documentation or information are expressly subject 
to the terms and conditions of the Intel Program License 
Subscription Agreement, the Intel Quartus Prime License Agreement,
the Intel FPGA IP License Agreement, or other applicable license
agreement, including, without limitation, that your use is for
the sole purpose of programming logic devices manufactured by
Intel and sold by Intel or its authorized distributors.  Please
refer to the applicable agreement for further details, at
https://fpgasoftware.intel.com/eula.



+-------------------------------------------------------------------------------------+
; Flow Summary                                                                        ;
+------------------------------------+------------------------------------------------+
; Flow Status                        ; Successful - Mon Nov  6 19:05:16 2023          ;
; Quartus Prime Version              ; 22.1std.2 Build 922 07/20/2023 SC Lite Edition ;
; Revision Name                      ; sumador_completo                               ;
; Top-level Entity Name              ; sumador_completo_sin_procesos                  ;
; Family                             ; Cyclone IV E                                   ;
; Device                             ; EP4CE22F17C6                                   ;
; Timing Models                      ; Final                                          ;
; Total logic elements               ; 2 / 22,320 ( < 1 % )                           ;
;     Total combinational functions  ; 2 / 22,320 ( < 1 % )                           ;
;     Dedicated logic registers      ; 0 / 22,320 ( 0 % )                             ;
; Total registers                    ; 0                                              ;
; Total pins                         ; 5 / 154 ( 3 % )                                ;
; Total virtual pins                 ; 0                                              ;
; Total memory bits                  ; 0 / 608,256 ( 0 % )                            ;
; Embedded Multiplier 9-bit elements ; 0 / 132 ( 0 % )                                ;
; Total PLLs                         ; 0 / 4 ( 0 % )                                  ;
+------------------------------------+------------------------------------------------+


+-----------------------------------------+
; Flow Settings                           ;
+-------------------+---------------------+
; Option            ; Setting             ;
+-------------------+---------------------+
; Start date & time ; 11/04/2023 04:01:03 ;
; Main task         ; Compilation         ;
; Revision Name     ; sumador_completo    ;
+-------------------+---------------------+


+----------------------------------------------------------------------------------------------------------------------------------------------------------------------+
; Flow Non-Default Global Settings                                                                                                                                     ;
+--------------------------------------+----------------------------------------+------------------+-------------------------------+-----------------------------------+
; Assignment Name                      ; Value                                  ; Default Value    ; Entity Name                   ; Section Id                        ;
+--------------------------------------+----------------------------------------+------------------+-------------------------------+-----------------------------------+
; COMPILER_SIGNATURE_ID                ; 141587671179797.169908126325315        ; --               ; --                            ; --                                ;
; EDA_DESIGN_INSTANCE_NAME             ; NA                                     ; --               ; --                            ; sumador_completo_testbench        ;
; EDA_GENERATE_FUNCTIONAL_NETLIST      ; Off                                    ; --               ; --                            ; eda_board_design_timing           ;
; EDA_GENERATE_FUNCTIONAL_NETLIST      ; Off                                    ; --               ; --                            ; eda_board_design_boundary_scan    ;
; EDA_GENERATE_FUNCTIONAL_NETLIST      ; Off                                    ; --               ; --                            ; eda_board_design_signal_integrity ;
; EDA_GENERATE_FUNCTIONAL_NETLIST      ; Off                                    ; --               ; --                            ; eda_board_design_symbol           ;
; EDA_NATIVELINK_SIMULATION_TEST_BENCH ; sumador_completo_testbench             ; --               ; --                            ; eda_simulation                    ;
; EDA_OUTPUT_DATA_FORMAT               ; Vhdl                                   ; --               ; --                            ; eda_simulation                    ;
; EDA_SIMULATION_TOOL                  ; ModelSim (VHDL)                        ; <None>           ; --                            ; --                                ;
; EDA_TEST_BENCH_ENABLE_STATUS         ; TEST_BENCH_MODE                        ; --               ; --                            ; eda_simulation                    ;
; EDA_TEST_BENCH_FILE                  ; sumador_completo_testbench.vhd         ; --               ; --                            ; sumador_completo_testbench        ;
; EDA_TEST_BENCH_MODULE_NAME           ; sumador_completo_testbench             ; --               ; --                            ; sumador_completo_testbench        ;
; EDA_TEST_BENCH_NAME                  ; sumador_completo_testbench             ; --               ; --                            ; eda_simulation                    ;
; EDA_TIME_SCALE                       ; 1 ps                                   ; --               ; --                            ; eda_simulation                    ;
; MAX_CORE_JUNCTION_TEMP               ; 85                                     ; --               ; --                            ; --                                ;
; MIN_CORE_JUNCTION_TEMP               ; 0                                      ; --               ; --                            ; --                                ;
; NOMINAL_CORE_SUPPLY_VOLTAGE          ; 1.2V                                   ; --               ; --                            ; --                                ;
; PARTITION_COLOR                      ; -- (Not supported for targeted family) ; --               ; sumador_completo_sin_procesos ; Top                               ;
; PARTITION_FITTER_PRESERVATION_LEVEL  ; -- (Not supported for targeted family) ; --               ; sumador_completo_sin_procesos ; Top                               ;
; PARTITION_NETLIST_TYPE               ; -- (Not supported for targeted family) ; --               ; sumador_completo_sin_procesos ; Top                               ;
; POWER_BOARD_THERMAL_MODEL            ; None (CONSERVATIVE)                    ; --               ; --                            ; --                                ;
; POWER_PRESET_COOLING_SOLUTION        ; 23 MM HEAT SINK WITH 200 LFPM AIRFLOW  ; --               ; --                            ; --                                ;
; PROJECT_OUTPUT_DIRECTORY             ; output_files                           ; --               ; --                            ; --                                ;
; TOP_LEVEL_ENTITY                     ; sumador_completo_sin_procesos          ; sumador_completo ; --                            ; --                                ;
+--------------------------------------+----------------------------------------+------------------+-------------------------------+-----------------------------------+


+--------------------------------------------------------------------------------------------------------------------------+
; Flow Elapsed Time                                                                                                        ;
+----------------------+--------------+-------------------------+---------------------+------------------------------------+
; Module Name          ; Elapsed Time ; Average Processors Used ; Peak Virtual Memory ; Total CPU Time (on all processors) ;
+----------------------+--------------+-------------------------+---------------------+------------------------------------+
; Analysis & Synthesis ; 00:00:10     ; 1.0                     ; 416 MB              ; 00:00:27                           ;
; Fitter               ; 00:00:05     ; 1.0                     ; 951 MB              ; 00:00:06                           ;
; Assembler            ; 00:00:01     ; 1.0                     ; 372 MB              ; 00:00:01                           ;
; Timing Analyzer      ; 00:00:01     ; 1.0                     ; 479 MB              ; 00:00:02                           ;
; EDA Netlist Writer   ; 00:00:01     ; 1.0                     ; 596 MB              ; 00:00:00                           ;
; EDA Netlist Writer   ; 00:00:00     ; 1.0                     ; 596 MB              ; 00:00:00                           ;
; EDA Netlist Writer   ; 00:00:00     ; 1.0                     ; 596 MB              ; 00:00:00                           ;
; EDA Netlist Writer   ; 00:00:01     ; 1.0                     ; 596 MB              ; 00:00:00                           ;
; EDA Netlist Writer   ; 00:00:01     ; 1.0                     ; 596 MB              ; 00:00:00                           ;
; EDA Netlist Writer   ; 00:00:00     ; 1.0                     ; 596 MB              ; 00:00:00                           ;
; EDA Netlist Writer   ; 00:00:01     ; 1.0                     ; 612 MB              ; 00:00:01                           ;
; EDA Netlist Writer   ; 00:00:00     ; 1.0                     ; 596 MB              ; 00:00:00                           ;
; EDA Netlist Writer   ; 00:00:00     ; 1.0                     ; 596 MB              ; 00:00:00                           ;
; Total                ; 00:00:21     ; --                      ; --                  ; 00:00:37                           ;
+----------------------+--------------+-------------------------+---------------------+------------------------------------+


+--------------------------------------------------------------------------------------------------+
; Flow OS Summary                                                                                  ;
+----------------------+------------------------------+--------------+------------+----------------+
; Module Name          ; Machine Hostname             ; OS Name      ; OS Version ; Processor type ;
+----------------------+------------------------------+--------------+------------+----------------+
; Analysis & Synthesis ; juanelezca-HP-Laptop-15-da0x ; Ubuntu 23.04 ; 23         ; x86_64         ;
; Fitter               ; juanelezca-HP-Laptop-15-da0x ; Ubuntu 23.04 ; 23         ; x86_64         ;
; Assembler            ; juanelezca-HP-Laptop-15-da0x ; Ubuntu 23.04 ; 23         ; x86_64         ;
; Timing Analyzer      ; juanelezca-HP-Laptop-15-da0x ; Ubuntu 23.04 ; 23         ; x86_64         ;
; EDA Netlist Writer   ; juanelezca-HP-Laptop-15-da0x ; Ubuntu 23.04 ; 23         ; x86_64         ;
; EDA Netlist Writer   ; juanelezca-HP-Laptop-15-da0x ; Ubuntu 23.04 ; 23         ; x86_64         ;
; EDA Netlist Writer   ; juanelezca-HP-Laptop-15-da0x ; Ubuntu 23.04 ; 23         ; x86_64         ;
; EDA Netlist Writer   ; juanelezca-HP-Laptop-15-da0x ; Ubuntu 23.04 ; 23         ; x86_64         ;
; EDA Netlist Writer   ; juanelezca-HP-Laptop-15-da0x ; Ubuntu 23.04 ; 23         ; x86_64         ;
; EDA Netlist Writer   ; juanelezca-HP-Laptop-15-da0x ; Ubuntu 23.04 ; 23         ; x86_64         ;
; EDA Netlist Writer   ; juanelezca-HP-Laptop-15-da0x ; Ubuntu 23.04 ; 23         ; x86_64         ;
; EDA Netlist Writer   ; juanelezca-HP-Laptop-15-da0x ; Ubuntu 23.04 ; 23         ; x86_64         ;
; EDA Netlist Writer   ; juanelezca-HP-Laptop-15-da0x ; Ubuntu 23.04 ; 23         ; x86_64         ;
+----------------------+------------------------------+--------------+------------+----------------+


------------
; Flow Log ;
------------
quartus_map --read_settings_files=on --write_settings_files=off sumador_completo -c sumador_completo
quartus_fit --read_settings_files=off --write_settings_files=off sumador_completo -c sumador_completo
quartus_asm --read_settings_files=off --write_settings_files=off sumador_completo -c sumador_completo
quartus_sta sumador_completo -c sumador_completo
quartus_eda --read_settings_files=off --write_settings_files=off sumador_completo -c sumador_completo
quartus_eda --gen_testbench --tool=modelsim_oem --format=vhdl --write_settings_files=off sumador_completo -c sumador_completo --vector_source="/home/juane_lezca/Documentos/ingenieria/FPGA/ejercicio 4 guia 5a/Waveform.vwf" --testbench_file="/home/juane_lezca/Documentos/ingenieria/FPGA/ejercicio 4 guia 5a/simulation/qsim/Waveform.vwf.vht"
quartus_eda --write_settings_files=off --simulation=on --functional=on --flatten_buses=off --tool=modelsim_oem --format=vhdl --output_directory="/home/juane_lezca/Documentos/ingenieria/FPGA/ejercicio 4 guia 5a/simulation/qsim/" sumador_completo -c sumador_completo
quartus_eda --gen_testbench --tool=modelsim_oem --format=vhdl --write_settings_files=off sumador_completo -c sumador_completo --vector_source="/home/juane_lezca/Documentos/ingenieria/FPGA/ejercicio 4 guia 5a/Waveform.vwf" --testbench_file="/home/juane_lezca/Documentos/ingenieria/FPGA/ejercicio 4 guia 5a/simulation/qsim/Waveform.vwf.vht"
quartus_eda --write_settings_files=off --simulation=on --functional=on --flatten_buses=off --tool=modelsim_oem --format=vhdl --output_directory="/home/juane_lezca/Documentos/ingenieria/FPGA/ejercicio 4 guia 5a/simulation/qsim/" sumador_completo -c sumador_completo
quartus_eda --gen_testbench --tool=modelsim_oem --format=verilog --write_settings_files=off sumador_completo -c sumador_completo --vector_source="/home/juane_lezca/Documentos/ingenieria/FPGA/ejercicio 4 guia 5a/Waveform.vwf" --testbench_file="/home/juane_lezca/Documentos/ingenieria/FPGA/ejercicio 4 guia 5a/simulation/qsim/Waveform.vwf.vt"
quartus_eda --write_settings_files=off --simulation=on --functional=off --flatten_buses=off --timescale=1ps --tool=modelsim_oem --format=verilog --output_directory="/home/juane_lezca/Documentos/ingenieria/FPGA/ejercicio 4 guia 5a/simulation/qsim/" sumador_completo -c sumador_completo
quartus_eda --gen_testbench --tool=modelsim_oem --format=verilog --write_settings_files=off sumador_completo -c sumador_completo --vector_source="/home/juane_lezca/Documentos/ingenieria/FPGA/ejercicio 4 guia 5a/Waveform.vwf" --testbench_file="/home/juane_lezca/Documentos/ingenieria/FPGA/ejercicio 4 guia 5a/simulation/modelsim/Waveform.vwf.vt"
quartus_eda --gen_testbench --tool=modelsim_oem --format=vhdl --write_settings_files=off sumador_completo -c sumador_completo --vector_source="/home/juane_lezca/Documentos/ingenieria/FPGA/ejercicio 4 guia 5a/Waveform.vwf" --testbench_file="/home/juane_lezca/Documentos/ingenieria/FPGA/ejercicio 4 guia 5a/simulation/modelsim/Waveform.vwf.vht"



